<?xml version="1.0" encoding="UTF-8"?>
<!-- Generated by org.testng.reporters.JUnitReportReporter -->
<testsuite skipped="0" hostname="Vichu-PC" name="testcases.Tc_004_DeleteLeadTestCase" tests="1" failures="0" timestamp="02 Aug 2018 08:15:28 GMT" time="69.816" errors="0">
  <testcase name="editLead" time="69.816" classname="testcases.Tc_004_DeleteLeadTestCase"/>
</testsuite> <!-- testcases.Tc_004_DeleteLeadTestCase -->
