<?xml version="1.0" encoding="UTF-8"?>
<!-- Generated by org.testng.reporters.JUnitReportReporter -->
<testsuite skipped="0" hostname="Vichu-PC" name="week4.day1.DuplicateLeadFramework" tests="1" failures="0" timestamp="26 May 2018 17:15:06 GMT" time="56.359" errors="0">
  <testcase name="call" time="56.359" classname="week4.day1.DuplicateLeadFramework"/>
</testsuite> <!-- week4.day1.DuplicateLeadFramework -->
