<?xml version="1.0" encoding="UTF-8"?>
<!-- Generated by org.testng.reporters.JUnitReportReporter -->
<testsuite skipped="0" hostname="Vichu-PC" name="practise.testNGAnnotations" tests="1" failures="0" timestamp="06 Jun 2018 17:59:09 GMT" time="0.003" errors="0">
  <testcase name="last" time="0.003" classname="practise.testNGAnnotations"/>
</testsuite> <!-- practise.testNGAnnotations -->
