<?xml version="1.0" encoding="UTF-8"?>
<!-- Generated by org.testng.reporters.JUnitReportReporter -->
<testsuite skipped="0" hostname="Vichu-PC" name="testcases.TC_005_DeleteLead_TestCase" tests="1" failures="0" timestamp="01 Aug 2018 10:05:01 GMT" time="38.755" errors="0">
  <testcase name="deleteLead" time="38.755" classname="testcases.TC_005_DeleteLead_TestCase"/>
</testsuite> <!-- testcases.TC_005_DeleteLead_TestCase -->
