<?xml version="1.0" encoding="UTF-8"?>
<!-- Generated by org.testng.reporters.JUnitReportReporter -->
<testsuite skipped="0" hostname="Vichu-PC" name="dailycoding.ReadExcel" tests="1" failures="0" timestamp="07 Jun 2018 18:11:05 GMT" time="0.845" errors="0">
  <testcase name="get" time="0.845" classname="dailycoding.ReadExcel"/>
</testsuite> <!-- dailycoding.ReadExcel -->
