<?xml version="1.0" encoding="UTF-8"?>
<!-- Generated by org.testng.reporters.JUnitReportReporter -->
<testsuite skipped="0" hostname="Vichu-PC" name="practise.pgm3" tests="1" failures="0" timestamp="07 Jun 2018 18:26:52 GMT" time="84.891" errors="0">
  <testcase name="m1" time="84.891" classname="practise.pgm3"/>
</testsuite> <!-- practise.pgm3 -->
