<?xml version="1.0" encoding="UTF-8"?>
<!-- Generated by org.testng.reporters.JUnitReportReporter -->
<testsuite skipped="1" hostname="Vichu-PC" name="week4.day2.learngroups.EditLead" tests="1" failures="0" timestamp="27 May 2018 06:01:28 GMT" time="0.000" errors="0">
  <testcase name="editLead" time="0.000" classname="week4.day2.learngroups.EditLead">
    <skipped/>
  </testcase> <!-- editLead -->
</testsuite> <!-- week4.day2.learngroups.EditLead -->
