<?xml version="1.0" encoding="UTF-8"?>
<!-- Generated by org.testng.reporters.JUnitReportReporter -->
<testsuite skipped="0" hostname="Vichu-PC" name="week4.day2.learnannotations.NewTest" tests="2" failures="0" timestamp="27 May 2018 04:18:34 GMT" time="0.000" errors="0">
  <testcase name="m2" time="0.000" classname="week4.day2.learnannotations.NewTest"/>
  <testcase name="m1" time="0.000" classname="week4.day2.learnannotations.NewTest"/>
</testsuite> <!-- week4.day2.learnannotations.NewTest -->
