<?xml version="1.0" encoding="UTF-8"?>
<!-- Generated by org.testng.reporters.JUnitReportReporter -->
<testsuite skipped="0" hostname="Vichu-PC" name="testcases.Tc_001_CreateLeadTestCase" tests="2" failures="0" timestamp="03 Aug 2018 07:47:37 GMT" time="166.494" errors="0">
  <testcase name="createLeadTestCase" time="46.796" classname="testcases.Tc_001_CreateLeadTestCase"/>
  <testcase name="createLeadTestCase" time="119.698" classname="testcases.Tc_001_CreateLeadTestCase"/>
</testsuite> <!-- testcases.Tc_001_CreateLeadTestCase -->
