<?xml version="1.0" encoding="UTF-8"?>
<!-- Generated by org.testng.reporters.JUnitReportReporter -->
<testsuite skipped="0" hostname="Vichu-PC" name="learnexcel.CreateLeadFrameworkExcel" tests="2" failures="0" timestamp="28 Jul 2018 05:06:03 GMT" time="54.817" errors="0">
  <testcase name="createLead" time="23.787" classname="learnexcel.CreateLeadFrameworkExcel"/>
  <testcase name="createLead" time="31.030" classname="learnexcel.CreateLeadFrameworkExcel"/>
</testsuite> <!-- learnexcel.CreateLeadFrameworkExcel -->
