<?xml version="1.0" encoding="UTF-8"?>
<!-- Generated by org.testng.reporters.JUnitReportReporter -->
<testsuite skipped="0" hostname="Vichu-PC" name="testcases.Tc_001_CreateLeadNegTestCase" tests="3" failures="0" timestamp="02 Aug 2018 07:07:32 GMT" time="74.311" errors="0">
  <testcase name="createLeadNegCase" time="31.966" classname="testcases.Tc_001_CreateLeadNegTestCase"/>
  <testcase name="createLeadNegCase" time="19.998" classname="testcases.Tc_001_CreateLeadNegTestCase"/>
  <testcase name="createLeadNegCase" time="22.347" classname="testcases.Tc_001_CreateLeadNegTestCase"/>
</testsuite> <!-- testcases.Tc_001_CreateLeadNegTestCase -->
