<?xml version="1.0" encoding="UTF-8"?>
<!-- Generated by org.testng.reporters.JUnitReportReporter -->
<testsuite skipped="0" hostname="Vichu-PC" name="learnexcel.PractiseExcel" tests="1" failures="0" timestamp="29 Jul 2018 02:38:36 GMT" time="0.824" errors="0">
  <testcase name="doExcel" time="0.824" classname="learnexcel.PractiseExcel"/>
</testsuite> <!-- learnexcel.PractiseExcel -->
