<?xml version="1.0" encoding="UTF-8"?>
<!-- Generated by org.testng.reporters.JUnitReportReporter -->
<testsuite skipped="0" hostname="Vichu-PC" name="leaflead.MergeLeadFramework" tests="1" failures="0" timestamp="21 Jul 2018 18:53:09 GMT" time="93.678" errors="1">
  <testcase name="doMerge" time="93.678" classname="leaflead.MergeLeadFramework">
    <error type="org.testng.internal.thread.ThreadTimeoutException" message="Method leaflead.MergeLeadFramework.doMerge() didn&#039;t finish within the time-out 20000">
      <![CDATA[org.testng.internal.thread.ThreadTimeoutException: Method leaflead.MergeLeadFramework.doMerge() didn't finish within the time-out 20000
at org.testng.internal.MethodInvocationHelper.invokeWithTimeoutWithNoExecutor(MethodInvocationHelper.java:283)
at org.testng.internal.MethodInvocationHelper.invokeWithTimeout(MethodInvocationHelper.java:265)
at org.testng.internal.Invoker.invokeMethod(Invoker.java:589)
at org.testng.internal.Invoker.invokeTestMethod(Invoker.java:719)
at org.testng.internal.Invoker.invokeTestMethods(Invoker.java:989)
at org.testng.internal.TestMethodWorker.invokeTestMethods(TestMethodWorker.java:125)
at org.testng.internal.TestMethodWorker.run(TestMethodWorker.java:109)
at java.util.concurrent.ThreadPoolExecutor.runWorker(Unknown Source)
at java.util.concurrent.ThreadPoolExecutor$Worker.run(Unknown Source)
at java.lang.Thread.run(Unknown Source)
]]>
    </error>
  </testcase> <!-- doMerge -->
</testsuite> <!-- leaflead.MergeLeadFramework -->
