<?xml version="1.0" encoding="UTF-8"?>
<!-- Generated by org.testng.reporters.JUnitReportReporter -->
<testsuite skipped="0" hostname="Vichu-PC" name="TestNG1" tests="1" failures="0" timestamp="21 Jul 2018 13:48:06 GMT" time="0.008" errors="0">
  <testcase name="f" time="0.008" classname="TestNG1"/>
</testsuite> <!-- TestNG1 -->
