<?xml version="1.0" encoding="UTF-8"?>
<!-- Generated by org.testng.reporters.JUnitReportReporter -->
<testsuite skipped="0" hostname="Vichu-PC" name="testcases.TS_002_CreateLead_NegativeScn" tests="1" failures="0" timestamp="29 Jul 2018 07:05:26 GMT" time="28.522" errors="0">
  <testcase name="createLeadNegScn" time="28.522" classname="testcases.TS_002_CreateLead_NegativeScn"/>
</testsuite> <!-- testcases.TS_002_CreateLead_NegativeScn -->
