<?xml version="1.0" encoding="UTF-8"?>
<!-- Generated by org.testng.reporters.JUnitReportReporter -->
<testsuite skipped="0" hostname="Vichu-PC" name="leaflead.DeleteLeadFramework" tests="1" failures="0" timestamp="21 Jul 2018 18:53:09 GMT" time="76.149" errors="0">
  <testcase name="callDelete" time="76.149" classname="leaflead.DeleteLeadFramework"/>
</testsuite> <!-- leaflead.DeleteLeadFramework -->
