<?xml version="1.0" encoding="UTF-8"?>
<!-- Generated by org.testng.reporters.JUnitReportReporter -->
<testsuite skipped="0" hostname="Vichu-PC" name="leafcontacts.CreateContact" tests="1" failures="0" timestamp="21 Jul 2018 15:48:49 GMT" time="30.748" errors="0">
  <testcase name="createContact" time="30.748" classname="leafcontacts.CreateContact"/>
</testsuite> <!-- leafcontacts.CreateContact -->
