<?xml version="1.0" encoding="UTF-8"?>
<!-- Generated by org.testng.reporters.JUnitReportReporter -->
<testsuite skipped="0" hostname="Vichu-PC" name="practise.NewTest" tests="1" failures="0" timestamp="06 Jun 2018 17:21:21 GMT" time="0.016" errors="0">
  <testcase name="newTest" time="0.016" classname="practise.NewTest"/>
</testsuite> <!-- practise.NewTest -->
