<?xml version="1.0" encoding="UTF-8"?>
<!-- Generated by org.testng.reporters.JUnitReportReporter -->
<testsuite skipped="0" hostname="Vichu-PC" name="testNg.TestNG4" tests="1" failures="0" timestamp="22 Jul 2018 18:33:59 GMT" time="0.001" errors="0">
  <testcase name="f" time="0.001" classname="testNg.TestNG4"/>
</testsuite> <!-- testNg.TestNG4 -->
