<?xml version="1.0" encoding="UTF-8"?>
<!-- Generated by org.testng.reporters.JUnitReportReporter -->
<testsuite skipped="0" hostname="Vichu-PC" name="leaflead.CreateLeadFramework" tests="2" failures="0" timestamp="21 Jul 2018 18:53:09 GMT" time="116.196" errors="0">
  <testcase name="createLead" time="70.921" classname="leaflead.CreateLeadFramework"/>
  <testcase name="createLead" time="45.275" classname="leaflead.CreateLeadFramework"/>
</testsuite> <!-- leaflead.CreateLeadFramework -->
