<?xml version="1.0" encoding="UTF-8"?>
<!-- Generated by org.testng.reporters.JUnitReportReporter -->
<testsuite skipped="0" hostname="Vichu-PC" name="week2.day2.testcases.CreateLeadFrameWork" tests="1" failures="0" timestamp="26 May 2018 04:16:29 GMT" time="31.281" errors="0">
  <testcase name="login" time="31.281" classname="week2.day2.testcases.CreateLeadFrameWork"/>
</testsuite> <!-- week2.day2.testcases.CreateLeadFrameWork -->
