<?xml version="1.0" encoding="UTF-8"?>
<!-- Generated by org.testng.reporters.JUnitReportReporter -->
<testsuite skipped="0" hostname="Vichu-PC" name="learnparameters.CreateLeadFramework" tests="2" failures="0" timestamp="28 Jul 2018 04:29:10 GMT" time="64.177" errors="0">
  <testcase name="createLead" time="39.791" classname="learnparameters.CreateLeadFramework"/>
  <testcase name="createLead" time="24.386" classname="learnparameters.CreateLeadFramework"/>
</testsuite> <!-- learnparameters.CreateLeadFramework -->
