<?xml version="1.0" encoding="UTF-8"?>
<!-- Generated by org.testng.reporters.JUnitReportReporter -->
<testsuite skipped="0" hostname="Vichu-PC" name="leaflead.DuplicateLeadFramework" tests="1" failures="0" timestamp="21 Jul 2018 16:05:18 GMT" time="42.087" errors="0">
  <testcase name="duplicateLead" time="42.087" classname="leaflead.DuplicateLeadFramework"/>
</testsuite> <!-- leaflead.DuplicateLeadFramework -->
