<?xml version="1.0" encoding="UTF-8"?>
<!-- Generated by org.testng.reporters.JUnitReportReporter -->
<testsuite skipped="0" hostname="Vichu-PC" name="TestNG2" tests="1" failures="0" timestamp="21 Jul 2018 13:48:16 GMT" time="0.009" errors="0">
  <testcase name="f" time="0.009" classname="TestNG2"/>
</testsuite> <!-- TestNG2 -->
