<?xml version="1.0" encoding="UTF-8"?>
<!-- Generated by org.testng.reporters.JUnitReportReporter -->
<testsuite skipped="0" hostname="Vichu-PC" name="testcases.TC_003_EditLead_TestLeaf" tests="1" failures="0" timestamp="01 Aug 2018 08:33:12 GMT" time="26.211" errors="0">
  <testcase name="editLead" time="26.211" classname="testcases.TC_003_EditLead_TestLeaf"/>
</testsuite> <!-- testcases.TC_003_EditLead_TestLeaf -->
