<?xml version="1.0" encoding="UTF-8"?>
<!-- Generated by org.testng.reporters.JUnitReportReporter -->
<testsuite skipped="0" hostname="Vichu-PC" name="leafcontacts.DeactivateContact" tests="1" failures="0" timestamp="21 Jul 2018 15:47:17 GMT" time="29.992" errors="0">
  <testcase name="deactivateContact" time="29.992" classname="leafcontacts.DeactivateContact"/>
</testsuite> <!-- leafcontacts.DeactivateContact -->
