<?xml version="1.0" encoding="UTF-8"?>
<!-- Generated by org.testng.reporters.JUnitReportReporter -->
<testsuite skipped="0" hostname="Vichu-PC" name="practise.LearnParameter" tests="1" failures="0" timestamp="06 Jun 2018 18:23:59 GMT" time="0.016" errors="0">
  <testcase name="getString" time="0.016" classname="practise.LearnParameter"/>
</testsuite> <!-- practise.LearnParameter -->
