<?xml version="1.0" encoding="UTF-8"?>
<!-- Generated by org.testng.reporters.JUnitReportReporter -->
<testsuite skipped="0" hostname="Vichu-PC" name="testcases.TS_004_DuplicateLead" tests="1" failures="0" timestamp="01 Aug 2018 09:25:38 GMT" time="27.474" errors="0">
  <testcase name="duplicateLeadCreation" time="27.474" classname="testcases.TS_004_DuplicateLead"/>
</testsuite> <!-- testcases.TS_004_DuplicateLead -->
