<?xml version="1.0" encoding="UTF-8"?>
<!-- Generated by org.testng.reporters.JUnitReportReporter -->
<testsuite skipped="0" hostname="Vichu-PC" name="practise.Learning" tests="1" failures="0" timestamp="06 Jun 2018 16:09:11 GMT" time="18.402" errors="0">
  <testcase name="learn" time="18.402" classname="practise.Learning"/>
</testsuite> <!-- practise.Learning -->
