<?xml version="1.0" encoding="UTF-8"?>
<!-- Generated by org.testng.reporters.JUnitReportReporter -->
<testsuite skipped="1" hostname="Vichu-PC" name="LearnTestNG" tests="2" failures="0" timestamp="21 Jul 2018 13:41:29 GMT" time="2.047" errors="1">
  <testcase name="g" time="2.047" classname="LearnTestNG">
    <error type="org.testng.internal.thread.ThreadTimeoutException" message="Method LearnTestNG.g() didn&#039;t finish within the time-out 2000">
      <![CDATA[org.testng.internal.thread.ThreadTimeoutException: Method LearnTestNG.g() didn't finish within the time-out 2000
]]>
    </error>
  </testcase> <!-- g -->
  <testcase name="f" classname="LearnTestNG">
    <skipped/>
  </testcase> <!-- f -->
</testsuite> <!-- LearnTestNG -->
