<?xml version="1.0" encoding="UTF-8"?>
<!-- Generated by org.testng.reporters.JUnitReportReporter -->
<testsuite skipped="0" hostname="Vichu-PC" name="learnexcel.ReadExcel" tests="1" failures="0" timestamp="28 Jul 2018 04:01:34 GMT" time="0.922" errors="0">
  <testcase name="readExcel" time="0.922" classname="learnexcel.ReadExcel"/>
</testsuite> <!-- learnexcel.ReadExcel -->
