<?xml version="1.0" encoding="UTF-8"?>
<!-- Generated by org.testng.reporters.JUnitReportReporter -->
<testsuite skipped="0" hostname="Vichu-PC" name="week4.day1.CreateLeadFrameWork" tests="2" failures="0" timestamp="26 May 2018 17:15:07 GMT" time="97.098" errors="0">
  <testcase name="doLogin" time="33.028" classname="week4.day1.CreateLeadFrameWork"/>
  <testcase name="doLogin" time="64.070" classname="week4.day1.CreateLeadFrameWork"/>
</testsuite> <!-- week4.day1.CreateLeadFrameWork -->
