<?xml version="1.0" encoding="UTF-8"?>
<!-- Generated by org.testng.reporters.JUnitReportReporter -->
<testsuite skipped="0" hostname="Vichu-PC" name="week5.day1.parameterization.CreateLeadFrameWork" tests="2" failures="0" timestamp="02 Jun 2018 07:27:51 GMT" time="94.152" errors="0">
  <testcase name="doLogin" time="43.782" classname="week5.day1.parameterization.CreateLeadFrameWork"/>
  <testcase name="doLogin" time="50.370" classname="week5.day1.parameterization.CreateLeadFrameWork"/>
</testsuite> <!-- week5.day1.parameterization.CreateLeadFrameWork -->
