<?xml version="1.0" encoding="UTF-8"?>
<!-- Generated by org.testng.reporters.JUnitReportReporter -->
<testsuite skipped="0" hostname="Vichu-PC" name="testcases.Tc_005_MergeLeadTestCase" tests="1" failures="0" timestamp="02 Aug 2018 08:50:45 GMT" time="35.265" errors="0">
  <testcase name="createLeadTestCase" time="35.265" classname="testcases.Tc_005_MergeLeadTestCase"/>
</testsuite> <!-- testcases.Tc_005_MergeLeadTestCase -->
