<?xml version="1.0" encoding="UTF-8"?>
<!-- Generated by org.testng.reporters.JUnitReportReporter -->
<testsuite skipped="0" hostname="Vichu-PC" name="practise.LearnSuite" tests="1" failures="0" timestamp="06 Jun 2018 18:30:43 GMT" time="0.016" errors="0">
  <testcase name="newMethod" time="0.016" classname="practise.LearnSuite"/>
</testsuite> <!-- practise.LearnSuite -->
