<?xml version="1.0" encoding="UTF-8"?>
<!-- Generated by org.testng.reporters.JUnitReportReporter -->
<testsuite skipped="0" hostname="Vichu-PC" name="learnparameters.EditLeadFramework" tests="1" failures="0" timestamp="22 Jul 2018 04:22:04 GMT" time="26.764" errors="0">
  <testcase name="doEdit" time="26.764" classname="learnparameters.EditLeadFramework"/>
</testsuite> <!-- learnparameters.EditLeadFramework -->
