<?xml version="1.0" encoding="UTF-8"?>
<!-- Generated by org.testng.reporters.JUnitReportReporter -->
<testsuite skipped="0" hostname="Vichu-PC" name="learnparameters.DuplicateLeadFramework" tests="1" failures="0" timestamp="22 Jul 2018 04:22:04 GMT" time="26.128" errors="0">
  <testcase name="duplicateLead" time="26.128" classname="learnparameters.DuplicateLeadFramework"/>
</testsuite> <!-- learnparameters.DuplicateLeadFramework -->
