<?xml version="1.0" encoding="UTF-8"?>
<!-- Generated by org.testng.reporters.JUnitReportReporter -->
<testsuite skipped="0" hostname="Vichu-PC" name="testcases.Tc_002_EditLeadTestCase" tests="1" failures="0" timestamp="02 Aug 2018 07:27:19 GMT" time="39.646" errors="0">
  <testcase name="editLead" time="39.646" classname="testcases.Tc_002_EditLeadTestCase"/>
</testsuite> <!-- testcases.Tc_002_EditLeadTestCase -->
