<?xml version="1.0" encoding="UTF-8"?>
<!-- Generated by org.testng.reporters.JUnitReportReporter -->
<testsuite skipped="0" hostname="Vichu-PC" name="testcases.Tc_003_DuplicateLeadTestCase" tests="1" failures="0" timestamp="02 Aug 2018 07:43:31 GMT" time="44.499" errors="0">
  <testcase name="editLead" time="44.499" classname="testcases.Tc_003_DuplicateLeadTestCase"/>
</testsuite> <!-- testcases.Tc_003_DuplicateLeadTestCase -->
